*** Using Compiler 'V5.06 update 5 (build 528)', folder: 'D:\Keil5\ARM\ARMCC\Bin'
Build target 'Target 1'
compiling list.c...
compiling freertos_heap.c...
compiling motion_ui_shared.c...
compiling motion_task.c...
compiling queue.c...
compiling freertos_app.c...
compiling heap_4.c...
compiling SysTick.c...
compiling port.c...
compiling sensor_task.c...
compiling motion_control.c...
compiling sensor_ui.c...
compiling can_task.c...
compiling tasks.c...
compiling main.c...
User\main.c(421): warning:  #177-D: function "Legacy_UI_Loop"  was declared but never referenced
  static void Legacy_UI_Loop(void)
User\main.c: 1 warning, 0 errors
compiling jetson_task.c...
compiling key_task.c...
compiling gps_task.c...
compiling ui_task.c...
linking...
Program Size: Code=94246 RO-data=161414 RW-data=916 ZI-data=1222052  
FromELF: creating hex file...
".\Obj\Template.axf" - 0 Error(s), 1 Warning(s).
Build Time Elapsed:  00:00:05
